819401952
954792436420653056
984677883099664386
472219610
92111902
927916759767711744
755346887511830528
925450640037474304
885582279615156228
78997268
330186774
16363007
538711854
984705368092741632
266420236
928785410
1639379520
772384322
131123638
950459502482132992
954130917676797952
354590208
927267510931431424
971352577290985472
985637331062403072
799246741174386688
2943606006
256240540
705678198634389504
1347947466
3027516939
3341234925
421714799
2366418775


1854898604


981654436891078656
882873422786768896
1624503493
4795654856
74922280
1083808650
3835337419
753064146
2317205270
559998390

590243664
968170086103224325

920624772140163072
3026514116
265714534

2478705061







950214773454487552
50763889
3235450986
3146053631

948760756765544448
20307037

290573920

948762003295752192
946121128845725697
919865429148958721
3436831372
981407965


1672844042


948761915127459840
710567481270624256
948760891876618241
740325459964002305
119991364
878788562803707904
4871827149
4116730574
817822574
131044850

898798165775622144
873350336513282048
134800164
825250209328463872


135099091
125447508

135872900

937925508913881088

825884835608723458

969594173367058432
292918761
133168211
136944845

299026547
544244814

959001281175068672
718463282248425473
562066818
529423781
129712185
23094875

892576861510918144
2823033751


776266149587595264
2652449202



980566981379313664
943176216810463232
930184838577098754
123921263
2327095260

774239850656624641
2192810155
836594523669090305

862868761803706368
906424690067034112
834078524277456897
18112970
200583835
17060507

902974975967207424
292263105
874389253635137536

805138701760262144
2573821020

787852420122550272
986408634446839809

725759911867473920
981214703274942465
87710468

280443073
2546716091

971421937011376128

830752587062325248
3713020583
2944627699
31353685
12014232




275236245



971423941020434432
971433356519907328
971435454154227713
971419782741352449
972901947454865408
972898967380881408
972147558494519296
971798248439496704
971801813182631941
971110526506823680
982878640080744448
960509107772903430
891876303821058049
975112542912524288
268977837
970342970984558592
970221043515195392
970687506059427840
970371371304824832
969259901603098624
95546979
975073864358150144
969256930966364160



928560772610973696
30561781
549277389

714868936630620160
14272233
367535946
829666306274238464

935715736923791360
421543683


2776037708
1144015879

881287135751544832
925729626323914753
190762811
14313660

2867931409
26664327

109047204
23989927
296433095
384075177
74050936


712838822741032960

954791649418215424
783409938601168897
830112044074536961
338027778
756881816158699524
986655923937726465
1128858247
3056869962
509096367
256013910
614441215



821278120518946816
830207667494932481
829791374023196674
928558948004884480
308677159
743308232
256261321
44959505
2532127677

55683888
219145409
14437333
946364109951401984

981653887999332352
294563057
182608955
33025391


792374882654834689
178362634

284188758

979191552693231616
991023109372334081
806347865073315844
186947829
434678871


2972957083

983461430748852224
983461433655541760
943737770715082752



983461412176461825

981653967435317248
898591522857377792
2315932711


981659042262040576

44063488
966182637290344448
836731307459772416
967750359019147265
900831599822073857
490566241
584287072
297511904
429453042
4836267707
144254908

3095649388


3060276082
2276153207

991714092984553472
14643625









1443783505

2249329976




2800410859




919734991390724096
742158956722835456
335943046
1191823770
175584991


873122620836728833
3176981724




997517829829287936


1581088975




2338957718














2934730557




























2975928659
456378716
16655901











821595119531028481
928916084


910336610599931905

2921820148

22896082


262851039


26447410
14096573




